# JRE version: OpenJDK Runtime Environment Temurin-17.0.8.1+1 (17.0.8.1+1) (build 17.0.8.1+1)
# Java VM: OpenJDK 64-Bit Server VM Temurin-17.0.8.1+1 (17.0.8.1+1, mixed mode, tiered, compressed oops, compressed class ptrs, parallel gc, windows-amd64)
GC Precious Log:
 CPUs: 8 total, 8 available
 Memory: 16221M
 Large Page Support: Disabled
 NUMA Support: Disabled
 Compressed Oops: Enabled (32-bit)
 Alignments: Space 512K, Generation 512K, Heap 2M
 Heap Min Capacity: 100M
 Heap Initial Capacity: 100M
 Heap Max Capacity: 1G
 Pre-touch: Disabled
 Parallel Workers: 8
Heap:
 PSYoungGen      total 15872K, used 5125K [0x00000000eab00000, 0x00000000ec080000, 0x0000000100000000)
  eden space 10240K, 0% used [0x00000000eab00000,0x00000000eab00000,0x00000000eb500000)
  from space 5632K, 91% used [0x00000000ebb00000,0x00000000ec001680,0x00000000ec080000)
  to   space 5632K, 0% used [0x00000000eb580000,0x00000000eb580000,0x00000000ebb00000)
 ParOldGen       total 138240K, used 137445K [0x00000000c0000000, 0x00000000c8700000, 0x00000000eab00000)
  object space 138240K, 99% used [0x00000000c0000000,0x00000000c8639550,0x00000000c8700000)
 Metaspace       used 104207K, committed 105472K, reserved 1179648K
  class space    used 9919K, committed 10432K, reserved 1048576K
GC Heap History (20 events):
Event: 82159.381 GC heap after
{Heap after GC invocations=16998 (full 320):
 PSYoungGen      total 13824K, used 3109K [0x00000000eab00000, 0x00000000ebd00000, 0x0000000100000000)
  eden space 10240K, 0% used [0x00000000eab00000,0x00000000eab00000,0x00000000eb500000)
  from space 3584K, 86% used [0x00000000eb500000,0x00000000eb809780,0x00000000eb880000)
  to   space 3584K, 0% used [0x00000000eb980000,0x00000000eb980000,0x00000000ebd00000)
 ParOldGen       total 138240K, used 133505K [0x00000000c0000000, 0x00000000c8700000, 0x00000000eab00000)
  object space 138240K, 96% used [0x00000000c0000000,0x00000000c8260560,0x00000000c8700000)
 Metaspace       used 104204K, committed 105472K, reserved 1179648K
  class space    used 9919K, committed 10432K, reserved 1048576K
}
Event: 82161.072 GC heap before
{Heap before GC invocations=16999 (full 320):
 PSYoungGen      total 13824K, used 13349K [0x00000000eab00000, 0x00000000ebd00000, 0x0000000100000000)
  eden space 10240K, 100% used [0x00000000eab00000,0x00000000eb500000,0x00000000eb500000)
  from space 3584K, 86% used [0x00000000eb500000,0x00000000eb809780,0x00000000eb880000)
  to   space 3584K, 0% used [0x00000000eb980000,0x00000000eb980000,0x00000000ebd00000)
 ParOldGen       total 138240K, used 133505K [0x00000000c0000000, 0x00000000c8700000, 0x00000000eab00000)
  object space 138240K, 96% used [0x00000000c0000000,0x00000000c8260560,0x00000000c8700000)
 Metaspace       used 104204K, committed 105472K, reserved 1179648K
  class space    used 9919K, committed 10432K, reserved 1048576K
}
Event: 82161.075 GC heap after
{Heap after GC invocations=16999 (full 320):
 PSYoungGen      total 13824K, used 3583K [0x00000000eab00000, 0x00000000ebe00000, 0x0000000100000000)
  eden space 10240K, 0% used [0x00000000eab00000,0x00000000eab00000,0x00000000eb500000)
  from space 3584K, 99% used [0x00000000eb980000,0x00000000ebcfff30,0x00000000ebd00000)
  to   space 4608K, 0% used [0x00000000eb500000,0x00000000eb500000,0x00000000eb980000)
 ParOldGen       total 138240K, used 134138K [0x00000000c0000000, 0x00000000c8700000, 0x00000000eab00000)
  object space 138240K, 97% used [0x00000000c0000000,0x00000000c82fead8,0x00000000c8700000)
 Metaspace       used 104204K, committed 105472K, reserved 1179648K
  class space    used 9919K, committed 10432K, reserved 1048576K
}
Event: 82161.129 GC heap before
{Heap before GC invocations=17000 (full 320):
 PSYoungGen      total 13824K, used 13823K [0x00000000eab00000, 0x00000000ebe00000, 0x0000000100000000)
  eden space 10240K, 100% used [0x00000000eab00000,0x00000000eb500000,0x00000000eb500000)
  from space 3584K, 99% used [0x00000000eb980000,0x00000000ebcfff30,0x00000000ebd00000)
  to   space 4608K, 0% used [0x00000000eb500000,0x00000000eb500000,0x00000000eb980000)
 ParOldGen       total 138240K, used 134138K [0x00000000c0000000, 0x00000000c8700000, 0x00000000eab00000)
  object space 138240K, 97% used [0x00000000c0000000,0x00000000c82fead8,0x00000000c8700000)
 Metaspace       used 104207K, committed 105472K, reserved 1179648K
  class space    used 9919K, committed 10432K, reserved 1048576K
}
Event: 82161.133 GC heap after
{Heap after GC invocations=17000 (full 320):
 PSYoungGen      total 14848K, used 4597K [0x00000000eab00000, 0x00000000ec000000, 0x0000000100000000)
  eden space 10240K, 0% used [0x00000000eab00000,0x00000000eab00000,0x00000000eb500000)
  from space 4608K, 99% used [0x00000000eb500000,0x00000000eb97d500,0x00000000eb980000)
  to   space 5632K, 0% used [0x00000000eba80000,0x00000000eba80000,0x00000000ec000000)
 ParOldGen       total 138240K, used 134621K [0x00000000c0000000, 0x00000000c8700000, 0x00000000eab00000)
  object space 138240K, 97% used [0x00000000c0000000,0x00000000c83774c0,0x00000000c8700000)
 Metaspace       used 104207K, committed 105472K, reserved 1179648K
  class space    used 9919K, committed 10432K, reserved 1048576K
}
Event: 82161.155 GC heap before
{Heap before GC invocations=17001 (full 320):
 PSYoungGen      total 14848K, used 13975K [0x00000000eab00000, 0x00000000ec000000, 0x0000000100000000)
  eden space 10240K, 91% used [0x00000000eab00000,0x00000000eb428828,0x00000000eb500000)
  from space 4608K, 99% used [0x00000000eb500000,0x00000000eb97d500,0x00000000eb980000)
  to   space 5632K, 0% used [0x00000000eba80000,0x00000000eba80000,0x00000000ec000000)
 ParOldGen       total 138240K, used 134621K [0x00000000c0000000, 0x00000000c8700000, 0x00000000eab00000)
  object space 138240K, 97% used [0x00000000c0000000,0x00000000c83774c0,0x00000000c8700000)
 Metaspace       used 104207K, committed 105472K, reserved 1179648K
  class space    used 9919K, committed 10432K, reserved 1048576K
}
Event: 82161.158 GC heap after
{Heap after GC invocations=17001 (full 320):
 PSYoungGen      total 14848K, used 4189K [0x00000000eab00000, 0x00000000ebf00000, 0x0000000100000000)
  eden space 10240K, 0% used [0x00000000eab00000,0x00000000eab00000,0x00000000eb500000)
  from space 4608K, 90% used [0x00000000eba80000,0x00000000ebe97570,0x00000000ebf00000)
  to   space 4608K, 0% used [0x00000000eb500000,0x00000000eb500000,0x00000000eb980000)
 ParOldGen       total 138240K, used 135401K [0x00000000c0000000, 0x00000000c8700000, 0x00000000eab00000)
  object space 138240K, 97% used [0x00000000c0000000,0x00000000c843a488,0x00000000c8700000)
 Metaspace       used 104207K, committed 105472K, reserved 1179648K
  class space    used 9919K, committed 10432K, reserved 1048576K
}
Event: 82161.183 GC heap before
{Heap before GC invocations=17002 (full 320):
 PSYoungGen      total 14848K, used 14429K [0x00000000eab00000, 0x00000000ebf00000, 0x0000000100000000)
  eden space 10240K, 100% used [0x00000000eab00000,0x00000000eb500000,0x00000000eb500000)
  from space 4608K, 90% used [0x00000000eba80000,0x00000000ebe97570,0x00000000ebf00000)
  to   space 4608K, 0% used [0x00000000eb500000,0x00000000eb500000,0x00000000eb980000)
 ParOldGen       total 138240K, used 135401K [0x00000000c0000000, 0x00000000c8700000, 0x00000000eab00000)
  object space 138240K, 97% used [0x00000000c0000000,0x00000000c843a488,0x00000000c8700000)
 Metaspace       used 104207K, committed 105472K, reserved 1179648K
  class space    used 9919K, committed 10432K, reserved 1048576K
}
Event: 82161.186 GC heap after
{Heap after GC invocations=17002 (full 320):
 PSYoungGen      total 14848K, used 4278K [0x00000000eab00000, 0x00000000ebe00000, 0x0000000100000000)
  eden space 10240K, 0% used [0x00000000eab00000,0x00000000eab00000,0x00000000eb500000)
  from space 4608K, 92% used [0x00000000eb500000,0x00000000eb92dbc0,0x00000000eb980000)
  to   space 4608K, 0% used [0x00000000eb980000,0x00000000eb980000,0x00000000ebe00000)
 ParOldGen       total 138240K, used 135401K [0x00000000c0000000, 0x00000000c8700000, 0x00000000eab00000)
  object space 138240K, 97% used [0x00000000c0000000,0x00000000c843a488,0x00000000c8700000)
 Metaspace       used 104207K, committed 105472K, reserved 1179648K
  class space    used 9919K, committed 10432K, reserved 1048576K
}
Event: 82161.196 GC heap before
{Heap before GC invocations=17003 (full 320):
 PSYoungGen      total 14848K, used 13907K [0x00000000eab00000, 0x00000000ebe00000, 0x0000000100000000)
  eden space 10240K, 94% used [0x00000000eab00000,0x00000000eb467140,0x00000000eb500000)
  from space 4608K, 92% used [0x00000000eb500000,0x00000000eb92dbc0,0x00000000eb980000)
  to   space 4608K, 0% used [0x00000000eb980000,0x00000000eb980000,0x00000000ebe00000)
 ParOldGen       total 138240K, used 135401K [0x00000000c0000000, 0x00000000c8700000, 0x00000000eab00000)
  object space 138240K, 97% used [0x00000000c0000000,0x00000000c843a488,0x00000000c8700000)
 Metaspace       used 104207K, committed 105472K, reserved 1179648K
  class space    used 9919K, committed 10432K, reserved 1048576K
}
Event: 82161.199 GC heap after
{Heap after GC invocations=17003 (full 320):
 PSYoungGen      total 14848K, used 4550K [0x00000000eab00000, 0x00000000ebf80000, 0x0000000100000000)
  eden space 10240K, 0% used [0x00000000eab00000,0x00000000eab00000,0x00000000eb500000)
  from space 4608K, 98% used [0x00000000eb980000,0x00000000ebdf1980,0x00000000ebe00000)
  to   space 4608K, 0% used [0x00000000eb500000,0x00000000eb500000,0x00000000eb980000)
 ParOldGen       total 138240K, used 135401K [0x00000000c0000000, 0x00000000c8700000, 0x00000000eab00000)
  object space 138240K, 97% used [0x00000000c0000000,0x00000000c843a488,0x00000000c8700000)
 Metaspace       used 104207K, committed 105472K, reserved 1179648K
  class space    used 9919K, committed 10432K, reserved 1048576K
}
Event: 82161.211 GC heap before
{Heap before GC invocations=17004 (full 320):
 PSYoungGen      total 14848K, used 14636K [0x00000000eab00000, 0x00000000ebf80000, 0x0000000100000000)
  eden space 10240K, 98% used [0x00000000eab00000,0x00000000eb4d97e0,0x00000000eb500000)
  from space 4608K, 98% used [0x00000000eb980000,0x00000000ebdf1980,0x00000000ebe00000)
  to   space 4608K, 0% used [0x00000000eb500000,0x00000000eb500000,0x00000000eb980000)
 ParOldGen       total 138240K, used 135401K [0x00000000c0000000, 0x00000000c8700000, 0x00000000eab00000)
  object space 138240K, 97% used [0x00000000c0000000,0x00000000c843a488,0x00000000c8700000)
 Metaspace       used 104207K, committed 105472K, reserved 1179648K
  class space    used 9919K, committed 10432K, reserved 1048576K
}
Event: 82161.213 GC heap after
{Heap after GC invocations=17004 (full 320):
 PSYoungGen      total 14848K, used 4321K [0x00000000eab00000, 0x00000000ebf80000, 0x0000000100000000)
  eden space 10240K, 0% used [0x00000000eab00000,0x00000000eab00000,0x00000000eb500000)
  from space 4608K, 93% used [0x00000000eb500000,0x00000000eb938720,0x00000000eb980000)
  to   space 4608K, 0% used [0x00000000ebb00000,0x00000000ebb00000,0x00000000ebf80000)
 ParOldGen       total 138240K, used 135441K [0x00000000c0000000, 0x00000000c8700000, 0x00000000eab00000)
  object space 138240K, 97% used [0x00000000c0000000,0x00000000c8444488,0x00000000c8700000)
 Metaspace       used 104207K, committed 105472K, reserved 1179648K
  class space    used 9919K, committed 10432K, reserved 1048576K
}
Event: 82161.342 GC heap before
{Heap before GC invocations=17005 (full 320):
 PSYoungGen      total 14848K, used 14561K [0x00000000eab00000, 0x00000000ebf80000, 0x0000000100000000)
  eden space 10240K, 100% used [0x00000000eab00000,0x00000000eb500000,0x00000000eb500000)
  from space 4608K, 93% used [0x00000000eb500000,0x00000000eb938720,0x00000000eb980000)
  to   space 4608K, 0% used [0x00000000ebb00000,0x00000000ebb00000,0x00000000ebf80000)
 ParOldGen       total 138240K, used 135441K [0x00000000c0000000, 0x00000000c8700000, 0x00000000eab00000)
  object space 138240K, 97% used [0x00000000c0000000,0x00000000c8444488,0x00000000c8700000)
 Metaspace       used 104207K, committed 105472K, reserved 1179648K
  class space    used 9919K, committed 10432K, reserved 1048576K
}
Event: 82161.346 GC heap after
{Heap after GC invocations=17005 (full 320):
 PSYoungGen      total 14848K, used 4595K [0x00000000eab00000, 0x00000000ebf80000, 0x0000000100000000)
  eden space 10240K, 0% used [0x00000000eab00000,0x00000000eab00000,0x00000000eb500000)
  from space 4608K, 99% used [0x00000000ebb00000,0x00000000ebf7ce80,0x00000000ebf80000)
  to   space 5120K, 0% used [0x00000000eb580000,0x00000000eb580000,0x00000000eba80000)
 ParOldGen       total 138240K, used 135617K [0x00000000c0000000, 0x00000000c8700000, 0x00000000eab00000)
  object space 138240K, 98% used [0x00000000c0000000,0x00000000c8470498,0x00000000c8700000)
 Metaspace       used 104207K, committed 105472K, reserved 1179648K
  class space    used 9919K, committed 10432K, reserved 1048576K
}
Event: 82161.394 GC heap before
{Heap before GC invocations=17006 (full 320):
 PSYoungGen      total 14848K, used 14835K [0x00000000eab00000, 0x00000000ebf80000, 0x0000000100000000)
  eden space 10240K, 100% used [0x00000000eab00000,0x00000000eb500000,0x00000000eb500000)
  from space 4608K, 99% used [0x00000000ebb00000,0x00000000ebf7ce80,0x00000000ebf80000)
  to   space 5120K, 0% used [0x00000000eb580000,0x00000000eb580000,0x00000000eba80000)
 ParOldGen       total 138240K, used 135617K [0x00000000c0000000, 0x00000000c8700000, 0x00000000eab00000)
  object space 138240K, 98% used [0x00000000c0000000,0x00000000c8470498,0x00000000c8700000)
 Metaspace       used 104207K, committed 105472K, reserved 1179648K
  class space    used 9919K, committed 10432K, reserved 1048576K
}
Event: 82161.397 GC heap after
{Heap after GC invocations=17006 (full 320):
 PSYoungGen      total 15360K, used 5118K [0x00000000eab00000, 0x00000000ec100000, 0x0000000100000000)
  eden space 10240K, 0% used [0x00000000eab00000,0x00000000eab00000,0x00000000eb500000)
  from space 5120K, 99% used [0x00000000eb580000,0x00000000eba7f9a0,0x00000000eba80000)
  to   space 6144K, 0% used [0x00000000ebb00000,0x00000000ebb00000,0x00000000ec100000)
 ParOldGen       total 138240K, used 136157K [0x00000000c0000000, 0x00000000c8700000, 0x00000000eab00000)
  object space 138240K, 98% used [0x00000000c0000000,0x00000000c84f7538,0x00000000c8700000)
 Metaspace       used 104207K, committed 105472K, reserved 1179648K
  class space    used 9919K, committed 10432K, reserved 1048576K
}
Event: 82161.430 GC heap before
{Heap before GC invocations=17007 (full 320):
 PSYoungGen      total 15360K, used 15358K [0x00000000eab00000, 0x00000000ec100000, 0x0000000100000000)
  eden space 10240K, 100% used [0x00000000eab00000,0x00000000eb500000,0x00000000eb500000)
  from space 5120K, 99% used [0x00000000eb580000,0x00000000eba7f9a0,0x00000000eba80000)
  to   space 6144K, 0% used [0x00000000ebb00000,0x00000000ebb00000,0x00000000ec100000)
 ParOldGen       total 138240K, used 136157K [0x00000000c0000000, 0x00000000c8700000, 0x00000000eab00000)
  object space 138240K, 98% used [0x00000000c0000000,0x00000000c84f7538,0x00000000c8700000)
 Metaspace       used 104207K, committed 105472K, reserved 1179648K
  class space    used 9919K, committed 10432K, reserved 1048576K
}
Event: 82161.433 GC heap after
{Heap after GC invocations=17007 (full 320):
 PSYoungGen      total 15872K, used 5125K [0x00000000eab00000, 0x00000000ec080000, 0x0000000100000000)
  eden space 10240K, 0% used [0x00000000eab00000,0x00000000eab00000,0x00000000eb500000)
  from space 5632K, 91% used [0x00000000ebb00000,0x00000000ec001680,0x00000000ec080000)
  to   space 5632K, 0% used [0x00000000eb580000,0x00000000eb580000,0x00000000ebb00000)
 ParOldGen       total 138240K, used 137445K [0x00000000c0000000, 0x00000000c8700000, 0x00000000eab00000)
  object space 138240K, 99% used [0x00000000c0000000,0x00000000c8639550,0x00000000c8700000)
 Metaspace       used 104207K, committed 105472K, reserved 1179648K
  class space    used 9919K, committed 10432K, reserved 1048576K
}
Event: 82161.433 GC heap before
{Heap before GC invocations=17008 (full 321):
 PSYoungGen      total 15872K, used 5125K [0x00000000eab00000, 0x00000000ec080000, 0x0000000100000000)
  eden space 10240K, 0% used [0x00000000eab00000,0x00000000eab00000,0x00000000eb500000)
  from space 5632K, 91% used [0x00000000ebb00000,0x00000000ec001680,0x00000000ec080000)
  to   space 5632K, 0% used [0x00000000eb580000,0x00000000eb580000,0x00000000ebb00000)
 ParOldGen       total 138240K, used 137445K [0x00000000c0000000, 0x00000000c8700000, 0x00000000eab00000)
  object space 138240K, 99% used [0x00000000c0000000,0x00000000c8639550,0x00000000c8700000)
 Metaspace       used 104207K, committed 105472K, reserved 1179648K
  class space    used 9919K, committed 10432K, reserved 1048576K
}

